
*** Running vivado
    with args -log This_Better_Work.vdi -applog -m64 -product Vivado -messageDb vivado.pb -mode batch -source This_Better_Work.tcl -notrace



****** Vivado v2020.2 (64-bit)
  **** SW Build 3064766 on Wed Nov 18 09:12:45 MST 2020
  **** IP Build 3064653 on Wed Nov 18 14:17:31 MST 2020
    ** Copyright 1986-2020 Xilinx, Inc. All Rights Reserved.

source This_Better_Work.tcl -notrace
Command: link_design -top This_Better_Work -part xc7a35tftg256-1
Design is defaulting to srcset: sources_1
Design is defaulting to constrset: constrs_1
INFO: [Device 21-403] Loading part xc7a35tftg256-1
INFO: [Project 1-454] Reading design checkpoint 'q:/Blink_With_Patricks_CE/Blink_With_Patricks_CE.gen/sources_1/ip/ila_0/ila_0.dcp' for cell 'ila_0'
Netlist sorting complete. Time (s): cpu = 00:00:00 ; elapsed = 00:00:00.041 . Memory (MB): peak = 1109.324 ; gain = 0.000
INFO: [Netlist 29-17] Analyzing 88 Unisim elements for replacement
INFO: [Netlist 29-28] Unisim Transformation completed in 0 CPU seconds
INFO: [Project 1-479] Netlist was created with Vivado 2020.2
INFO: [Project 1-570] Preparing netlist for logic optimization
INFO: [Chipscope 16-324] Core: ila_0 UUID: d7f66bbc-6204-5aea-8c9b-20b797086963 
Parsing XDC File [q:/Blink_With_Patricks_CE/Blink_With_Patricks_CE.gen/sources_1/ip/ila_0/ila_v6_2/constraints/ila_impl.xdc] for cell 'ila_0/inst'
Finished Parsing XDC File [q:/Blink_With_Patricks_CE/Blink_With_Patricks_CE.gen/sources_1/ip/ila_0/ila_v6_2/constraints/ila_impl.xdc] for cell 'ila_0/inst'
Parsing XDC File [q:/Blink_With_Patricks_CE/Blink_With_Patricks_CE.gen/sources_1/ip/ila_0/ila_v6_2/constraints/ila.xdc] for cell 'ila_0/inst'
Finished Parsing XDC File [q:/Blink_With_Patricks_CE/Blink_With_Patricks_CE.gen/sources_1/ip/ila_0/ila_v6_2/constraints/ila.xdc] for cell 'ila_0/inst'
Parsing XDC File [Q:/Blink_With_Patricks_CE/Blink_With_Patricks_CE.srcs/constrs_1/imports/MiMas/Mimasa7Mini.xdc]
WARNING: [Vivado 12-4702] SLEW is not a supported property on input port(s). Setting is ignored. [Q:/Blink_With_Patricks_CE/Blink_With_Patricks_CE.srcs/constrs_1/imports/MiMas/Mimasa7Mini.xdc:7]
Finished Parsing XDC File [Q:/Blink_With_Patricks_CE/Blink_With_Patricks_CE.srcs/constrs_1/imports/MiMas/Mimasa7Mini.xdc]
INFO: [Opt 31-138] Pushed 0 inverter(s) to 0 load pin(s).
Netlist sorting complete. Time (s): cpu = 00:00:00 ; elapsed = 00:00:00.002 . Memory (MB): peak = 1109.324 ; gain = 0.000
INFO: [Project 1-111] Unisim Transformation Summary:
  A total of 56 instances were transformed.
  CFGLUT5 => CFGLUT5 (SRL16E, SRLC32E): 56 instances

9 Infos, 1 Warnings, 0 Critical Warnings and 0 Errors encountered.
link_design completed successfully
link_design: Time (s): cpu = 00:00:08 ; elapsed = 00:00:09 . Memory (MB): peak = 1109.324 ; gain = 0.000
INFO: [Common 17-600] The following parameters have non-default value.
tcl.collectionResultDisplayLimit
Command: opt_design
Attempting to get a license for feature 'Implementation' and/or device 'xc7a35t'
INFO: [Common 17-349] Got license for feature 'Implementation' and/or device 'xc7a35t'
Running DRC as a precondition to command opt_design

Starting DRC Task
INFO: [DRC 23-27] Running DRC with 2 threads
INFO: [Project 1-461] DRC finished with 0 Errors
INFO: [Project 1-462] Please refer to the DRC report (report_drc) for more information.

Time (s): cpu = 00:00:01 ; elapsed = 00:00:00.978 . Memory (MB): peak = 1109.324 ; gain = 0.000

Starting Cache Timing Information Task
INFO: [Timing 38-35] Done setting XDC timing constraints.
Ending Cache Timing Information Task | Checksum: 113eea467

Time (s): cpu = 00:00:07 ; elapsed = 00:00:07 . Memory (MB): peak = 1602.945 ; gain = 493.621

Starting Logic Optimization Task

Phase 1 Generate And Synthesize Debug Cores
INFO: [Chipscope 16-329] Generating Script for core instance : dbg_hub 
INFO: [IP_Flow 19-3806] Processing IP xilinx.com:ip:xsdbm:3.0 for cell dbg_hub_CV.
INFO: [Chipscope 16-469] Using cached IP synthesis design for IP xilinx.com:ip:xsdbm:3.0, cache-ID = 9fb0539a36e00775.
Netlist sorting complete. Time (s): cpu = 00:00:00 ; elapsed = 00:00:00.026 . Memory (MB): peak = 1859.555 ; gain = 0.000
Phase 1 Generate And Synthesize Debug Cores | Checksum: 1878b10eb

Time (s): cpu = 00:00:01 ; elapsed = 00:00:16 . Memory (MB): peak = 1859.555 ; gain = 44.320

Phase 2 Retarget
INFO: [Opt 31-138] Pushed 0 inverter(s) to 0 load pin(s).
INFO: [Opt 31-49] Retargeted 0 cell(s).
Phase 2 Retarget | Checksum: ba911d4a

Time (s): cpu = 00:00:01 ; elapsed = 00:00:16 . Memory (MB): peak = 1859.555 ; gain = 44.320
INFO: [Opt 31-389] Phase Retarget created 5 cells and removed 12 cells
INFO: [Opt 31-1021] In phase Retarget, 64 netlist objects are constrained preventing optimization. Please run opt_design with -debug_log to get more detail. 

Phase 3 Constant propagation
INFO: [Opt 31-138] Pushed 0 inverter(s) to 0 load pin(s).
Phase 3 Constant propagation | Checksum: 571794b3

Time (s): cpu = 00:00:01 ; elapsed = 00:00:16 . Memory (MB): peak = 1859.555 ; gain = 44.320
INFO: [Opt 31-389] Phase Constant propagation created 0 cells and removed 16 cells
INFO: [Opt 31-1021] In phase Constant propagation, 48 netlist objects are constrained preventing optimization. Please run opt_design with -debug_log to get more detail. 

Phase 4 Sweep
Phase 4 Sweep | Checksum: 10acaa1ee

Time (s): cpu = 00:00:02 ; elapsed = 00:00:16 . Memory (MB): peak = 1859.555 ; gain = 44.320
INFO: [Opt 31-389] Phase Sweep created 0 cells and removed 46 cells
INFO: [Opt 31-1021] In phase Sweep, 887 netlist objects are constrained preventing optimization. Please run opt_design with -debug_log to get more detail. 

Phase 5 BUFG optimization
Phase 5 BUFG optimization | Checksum: 10acaa1ee

Time (s): cpu = 00:00:02 ; elapsed = 00:00:16 . Memory (MB): peak = 1859.555 ; gain = 44.320
INFO: [Opt 31-662] Phase BUFG optimization created 0 cells of which 0 are BUFGs and removed 0 cells.

Phase 6 Shift Register Optimization
INFO: [Opt 31-1064] SRL Remap converted 0 SRLs to 0 registers and converted 0 registers of register chains to 0 SRLs
Phase 6 Shift Register Optimization | Checksum: 10acaa1ee

Time (s): cpu = 00:00:02 ; elapsed = 00:00:16 . Memory (MB): peak = 1859.555 ; gain = 44.320
INFO: [Opt 31-389] Phase Shift Register Optimization created 0 cells and removed 0 cells

Phase 7 Post Processing Netlist
Phase 7 Post Processing Netlist | Checksum: 10acaa1ee

Time (s): cpu = 00:00:02 ; elapsed = 00:00:16 . Memory (MB): peak = 1859.555 ; gain = 44.320
INFO: [Opt 31-389] Phase Post Processing Netlist created 0 cells and removed 0 cells
INFO: [Opt 31-1021] In phase Post Processing Netlist, 57 netlist objects are constrained preventing optimization. Please run opt_design with -debug_log to get more detail. 
Opt_design Change Summary
=========================


-------------------------------------------------------------------------------------------------------------------------
|  Phase                        |  #Cells created  |  #Cells Removed  |  #Constrained objects preventing optimizations  |
-------------------------------------------------------------------------------------------------------------------------
|  Retarget                     |               5  |              12  |                                             64  |
|  Constant propagation         |               0  |              16  |                                             48  |
|  Sweep                        |               0  |              46  |                                            887  |
|  BUFG optimization            |               0  |               0  |                                              0  |
|  Shift Register Optimization  |               0  |               0  |                                              0  |
|  Post Processing Netlist      |               0  |               0  |                                             57  |
-------------------------------------------------------------------------------------------------------------------------



Starting Connectivity Check Task

Time (s): cpu = 00:00:00 ; elapsed = 00:00:00.004 . Memory (MB): peak = 1859.555 ; gain = 0.000
Ending Logic Optimization Task | Checksum: 1a5b6347d

Time (s): cpu = 00:00:02 ; elapsed = 00:00:16 . Memory (MB): peak = 1859.555 ; gain = 44.320

Starting Power Optimization Task
INFO: [Pwropt 34-132] Skipping clock gating for clocks with a period < 2.00 ns.
INFO: [Pwropt 34-9] Applying IDT optimizations ...
INFO: [Pwropt 34-10] Applying ODC optimizations ...
INFO: [Timing 38-35] Done setting XDC timing constraints.
Running Vector-less Activity Propagation...

Finished Running Vector-less Activity Propagation


Starting PowerOpt Patch Enables Task
INFO: [Pwropt 34-162] WRITE_MODE attribute of 0 BRAM(s) out of a total of 1 has been updated to save power. Run report_power_opt to get a complete listing of the BRAMs updated.
INFO: [Pwropt 34-201] Structural ODC has moved 0 WE to EN ports
Number of BRAM Ports augmented: 1 newly gated: 0 Total Ports: 2
Ending PowerOpt Patch Enables Task | Checksum: bb0ef104

Time (s): cpu = 00:00:00 ; elapsed = 00:00:00.018 . Memory (MB): peak = 1944.723 ; gain = 0.000
Ending Power Optimization Task | Checksum: bb0ef104

Time (s): cpu = 00:00:01 ; elapsed = 00:00:00.909 . Memory (MB): peak = 1944.723 ; gain = 85.168

Starting Final Cleanup Task
Ending Final Cleanup Task | Checksum: bb0ef104

Time (s): cpu = 00:00:00 ; elapsed = 00:00:00 . Memory (MB): peak = 1944.723 ; gain = 0.000

Starting Netlist Obfuscation Task
Netlist sorting complete. Time (s): cpu = 00:00:00 ; elapsed = 00:00:00.002 . Memory (MB): peak = 1944.723 ; gain = 0.000
Ending Netlist Obfuscation Task | Checksum: 130034b8e

Time (s): cpu = 00:00:00 ; elapsed = 00:00:00.003 . Memory (MB): peak = 1944.723 ; gain = 0.000
INFO: [Common 17-83] Releasing license: Implementation
42 Infos, 1 Warnings, 0 Critical Warnings and 0 Errors encountered.
opt_design completed successfully
opt_design: Time (s): cpu = 00:00:13 ; elapsed = 00:00:27 . Memory (MB): peak = 1944.723 ; gain = 835.398
INFO: [Common 17-600] The following parameters have non-default value.
tcl.collectionResultDisplayLimit
INFO: [Timing 38-35] Done setting XDC timing constraints.
INFO: [Timing 38-480] Writing timing data to binary archive.
Writing placer database...
Writing XDEF routing.
Writing XDEF routing logical nets.
Writing XDEF routing special nets.
Write XDEF Complete: Time (s): cpu = 00:00:00 ; elapsed = 00:00:00.031 . Memory (MB): peak = 1944.723 ; gain = 0.000
INFO: [Common 17-1381] The checkpoint 'Q:/Blink_With_Patricks_CE/Blink_With_Patricks_CE.runs/impl_1/This_Better_Work_opt.dcp' has been generated.
INFO: [runtcl-4] Executing : report_drc -file This_Better_Work_drc_opted.rpt -pb This_Better_Work_drc_opted.pb -rpx This_Better_Work_drc_opted.rpx
Command: report_drc -file This_Better_Work_drc_opted.rpt -pb This_Better_Work_drc_opted.pb -rpx This_Better_Work_drc_opted.rpx
INFO: [IP_Flow 19-1839] IP Catalog is up to date.
INFO: [DRC 23-27] Running DRC with 2 threads
INFO: [Coretcl 2-168] The results of DRC are in file Q:/Blink_With_Patricks_CE/Blink_With_Patricks_CE.runs/impl_1/This_Better_Work_drc_opted.rpt.
report_drc completed successfully
INFO: [Chipscope 16-240] Debug cores have already been implemented
Command: place_design
Attempting to get a license for feature 'Implementation' and/or device 'xc7a35t'
INFO: [Common 17-349] Got license for feature 'Implementation' and/or device 'xc7a35t'
INFO: [DRC 23-27] Running DRC with 2 threads
INFO: [Vivado_Tcl 4-198] DRC finished with 0 Errors
INFO: [Vivado_Tcl 4-199] Please refer to the DRC report (report_drc) for more information.
Running DRC as a precondition to command place_design
INFO: [DRC 23-27] Running DRC with 2 threads
INFO: [Vivado_Tcl 4-198] DRC finished with 0 Errors
INFO: [Vivado_Tcl 4-199] Please refer to the DRC report (report_drc) for more information.

Starting Placer Task
INFO: [Place 30-611] Multithreading enabled for place_design using a maximum of 2 CPUs

Phase 1 Placer Initialization

Phase 1.1 Placer Initialization Netlist Sorting
Netlist sorting complete. Time (s): cpu = 00:00:00 ; elapsed = 00:00:00.003 . Memory (MB): peak = 1944.723 ; gain = 0.000
Phase 1.1 Placer Initialization Netlist Sorting | Checksum: ae405e29

Time (s): cpu = 00:00:00 ; elapsed = 00:00:00.013 . Memory (MB): peak = 1944.723 ; gain = 0.000
Netlist sorting complete. Time (s): cpu = 00:00:00 ; elapsed = 00:00:00.002 . Memory (MB): peak = 1944.723 ; gain = 0.000

Phase 1.2 IO Placement/ Clock Placement/ Build Placer Device
Phase 1.2 IO Placement/ Clock Placement/ Build Placer Device | Checksum: 24dd7ee3

Time (s): cpu = 00:00:00 ; elapsed = 00:00:00.355 . Memory (MB): peak = 1944.723 ; gain = 0.000

Phase 1.3 Build Placer Netlist Model
Phase 1.3 Build Placer Netlist Model | Checksum: 517d4f27

Time (s): cpu = 00:00:01 ; elapsed = 00:00:00.975 . Memory (MB): peak = 1944.723 ; gain = 0.000

Phase 1.4 Constrain Clocks/Macros
Phase 1.4 Constrain Clocks/Macros | Checksum: 517d4f27

Time (s): cpu = 00:00:01 ; elapsed = 00:00:00.979 . Memory (MB): peak = 1944.723 ; gain = 0.000
Phase 1 Placer Initialization | Checksum: 517d4f27

Time (s): cpu = 00:00:01 ; elapsed = 00:00:00.988 . Memory (MB): peak = 1944.723 ; gain = 0.000

Phase 2 Global Placement

Phase 2.1 Floorplanning
Phase 2.1 Floorplanning | Checksum: 5161aa18

Time (s): cpu = 00:00:02 ; elapsed = 00:00:01 . Memory (MB): peak = 1944.723 ; gain = 0.000

Phase 2.2 Update Timing before SLR Path Opt
Phase 2.2 Update Timing before SLR Path Opt | Checksum: 9fa029d7

Time (s): cpu = 00:00:02 ; elapsed = 00:00:01 . Memory (MB): peak = 1944.723 ; gain = 0.000

Phase 2.3 Global Placement Core

Phase 2.3.1 Physical Synthesis In Placer
INFO: [Physopt 32-1035] Found 0 LUTNM shape to break, 119 LUT instances to create LUTNM shape
INFO: [Physopt 32-1044] Break lutnm for timing: one critical 0, two critical 0, total 0, new lutff created 0
INFO: [Physopt 32-775] End 1 Pass. Optimized 53 nets or cells. Created 0 new cell, deleted 53 existing cells and moved 0 existing cell
INFO: [Physopt 32-65] No nets found for high-fanout optimization.
INFO: [Physopt 32-232] Optimized 0 net. Created 0 new instance.
INFO: [Physopt 32-775] End 1 Pass. Optimized 0 net or cell. Created 0 new cell, deleted 0 existing cell and moved 0 existing cell
INFO: [Physopt 32-670] No setup violation found.  DSP Register Optimization was not performed.
INFO: [Physopt 32-670] No setup violation found.  Shift Register to Pipeline Optimization was not performed.
INFO: [Physopt 32-670] No setup violation found.  Shift Register Optimization was not performed.
INFO: [Physopt 32-670] No setup violation found.  BRAM Register Optimization was not performed.
INFO: [Physopt 32-670] No setup violation found.  URAM Register Optimization was not performed.
INFO: [Physopt 32-949] No candidate nets found for dynamic/static region interface net replication
INFO: [Physopt 32-775] End 1 Pass. Optimized 0 net or cell. Created 0 new cell, deleted 0 existing cell and moved 0 existing cell
Netlist sorting complete. Time (s): cpu = 00:00:00 ; elapsed = 00:00:00.002 . Memory (MB): peak = 1944.723 ; gain = 0.000

Summary of Physical Synthesis Optimizations
============================================


-----------------------------------------------------------------------------------------------------------------------------------------------------------
|  Optimization                                     |  Added Cells  |  Removed Cells  |  Optimized Cells/Nets  |  Dont Touch  |  Iterations  |  Elapsed   |
-----------------------------------------------------------------------------------------------------------------------------------------------------------
|  LUT Combining                                    |            0  |             53  |                    53  |           0  |           1  |  00:00:00  |
|  Very High Fanout                                 |            0  |              0  |                     0  |           0  |           1  |  00:00:00  |
|  DSP Register                                     |            0  |              0  |                     0  |           0  |           0  |  00:00:00  |
|  Shift Register to Pipeline                       |            0  |              0  |                     0  |           0  |           0  |  00:00:00  |
|  Shift Register                                   |            0  |              0  |                     0  |           0  |           0  |  00:00:00  |
|  BRAM Register                                    |            0  |              0  |                     0  |           0  |           0  |  00:00:00  |
|  URAM Register                                    |            0  |              0  |                     0  |           0  |           0  |  00:00:00  |
|  Dynamic/Static Region Interface Net Replication  |            0  |              0  |                     0  |           0  |           1  |  00:00:00  |
|  Total                                            |            0  |             53  |                    53  |           0  |           3  |  00:00:00  |
-----------------------------------------------------------------------------------------------------------------------------------------------------------


Phase 2.3.1 Physical Synthesis In Placer | Checksum: 161889dc3

Time (s): cpu = 00:00:06 ; elapsed = 00:00:03 . Memory (MB): peak = 1944.723 ; gain = 0.000
Phase 2.3 Global Placement Core | Checksum: 209b6df70

Time (s): cpu = 00:00:06 ; elapsed = 00:00:03 . Memory (MB): peak = 1944.723 ; gain = 0.000
Phase 2 Global Placement | Checksum: 209b6df70

Time (s): cpu = 00:00:06 ; elapsed = 00:00:04 . Memory (MB): peak = 1944.723 ; gain = 0.000

Phase 3 Detail Placement

Phase 3.1 Commit Multi Column Macros
Phase 3.1 Commit Multi Column Macros | Checksum: 22d41ab84

Time (s): cpu = 00:00:06 ; elapsed = 00:00:04 . Memory (MB): peak = 1944.723 ; gain = 0.000

Phase 3.2 Commit Most Macros & LUTRAMs
Phase 3.2 Commit Most Macros & LUTRAMs | Checksum: f6291654

Time (s): cpu = 00:00:06 ; elapsed = 00:00:04 . Memory (MB): peak = 1944.723 ; gain = 0.000

Phase 3.3 Area Swap Optimization
Phase 3.3 Area Swap Optimization | Checksum: 182f0b402

Time (s): cpu = 00:00:06 ; elapsed = 00:00:04 . Memory (MB): peak = 1944.723 ; gain = 0.000

Phase 3.4 Pipeline Register Optimization
Phase 3.4 Pipeline Register Optimization | Checksum: 1b85933dd

Time (s): cpu = 00:00:06 ; elapsed = 00:00:04 . Memory (MB): peak = 1944.723 ; gain = 0.000

Phase 3.5 Small Shape Detail Placement
Phase 3.5 Small Shape Detail Placement | Checksum: 17a36143c

Time (s): cpu = 00:00:08 ; elapsed = 00:00:05 . Memory (MB): peak = 1944.723 ; gain = 0.000

Phase 3.6 Re-assign LUT pins
Phase 3.6 Re-assign LUT pins | Checksum: 16324727d

Time (s): cpu = 00:00:08 ; elapsed = 00:00:05 . Memory (MB): peak = 1944.723 ; gain = 0.000

Phase 3.7 Pipeline Register Optimization
Phase 3.7 Pipeline Register Optimization | Checksum: 152b8c050

Time (s): cpu = 00:00:08 ; elapsed = 00:00:05 . Memory (MB): peak = 1944.723 ; gain = 0.000
Phase 3 Detail Placement | Checksum: 152b8c050

Time (s): cpu = 00:00:08 ; elapsed = 00:00:05 . Memory (MB): peak = 1944.723 ; gain = 0.000

Phase 4 Post Placement Optimization and Clean-Up

Phase 4.1 Post Commit Optimization
INFO: [Timing 38-35] Done setting XDC timing constraints.

Phase 4.1.1 Post Placement Optimization
Post Placement Optimization Initialization | Checksum: 11f30675d

Phase 4.1.1.1 BUFG Insertion

Starting Physical Synthesis Task

Phase 1 Physical Synthesis Initialization
INFO: [Physopt 32-721] Multithreading enabled for phys_opt_design using a maximum of 2 CPUs
INFO: [Physopt 32-619] Estimated Timing Summary | WNS=4.145 | TNS=0.000 |
Phase 1 Physical Synthesis Initialization | Checksum: 171b89a4d

Time (s): cpu = 00:00:00 ; elapsed = 00:00:00.123 . Memory (MB): peak = 1944.723 ; gain = 0.000
INFO: [Place 46-56] BUFG insertion identified 0 candidate nets. Inserted BUFG: 0, Replicated BUFG Driver: 0, Skipped due to Placement/Routing Conflicts: 0, Skipped due to Timing Degradation: 0, Skipped due to Illegal Netlist: 0.
Ending Physical Synthesis Task | Checksum: ecf5f295

Time (s): cpu = 00:00:00 ; elapsed = 00:00:00.132 . Memory (MB): peak = 1944.723 ; gain = 0.000
Phase 4.1.1.1 BUFG Insertion | Checksum: 11f30675d

Time (s): cpu = 00:00:09 ; elapsed = 00:00:06 . Memory (MB): peak = 1944.723 ; gain = 0.000
INFO: [Place 30-746] Post Placement Timing Summary WNS=4.145. For the most accurate timing information please run report_timing.

Time (s): cpu = 00:00:09 ; elapsed = 00:00:06 . Memory (MB): peak = 1944.723 ; gain = 0.000
Phase 4.1 Post Commit Optimization | Checksum: 1174e34a0

Time (s): cpu = 00:00:09 ; elapsed = 00:00:06 . Memory (MB): peak = 1944.723 ; gain = 0.000

Phase 4.2 Post Placement Cleanup
Phase 4.2 Post Placement Cleanup | Checksum: 1174e34a0

Time (s): cpu = 00:00:09 ; elapsed = 00:00:06 . Memory (MB): peak = 1944.723 ; gain = 0.000

Phase 4.3 Placer Reporting

Phase 4.3.1 Print Estimated Congestion
INFO: [Place 30-612] Post-Placement Estimated Congestion 
 ____________________________________________________
|           | Global Congestion | Short Congestion  |
| Direction | Region Size       | Region Size       |
|___________|___________________|___________________|
|      North|                1x1|                1x1|
|___________|___________________|___________________|
|      South|                1x1|                1x1|
|___________|___________________|___________________|
|       East|                1x1|                1x1|
|___________|___________________|___________________|
|       West|                1x1|                1x1|
|___________|___________________|___________________|

Phase 4.3.1 Print Estimated Congestion | Checksum: 1174e34a0

Time (s): cpu = 00:00:09 ; elapsed = 00:00:06 . Memory (MB): peak = 1944.723 ; gain = 0.000
Phase 4.3 Placer Reporting | Checksum: 1174e34a0

Time (s): cpu = 00:00:09 ; elapsed = 00:00:06 . Memory (MB): peak = 1944.723 ; gain = 0.000

Phase 4.4 Final Placement Cleanup
Netlist sorting complete. Time (s): cpu = 00:00:00 ; elapsed = 00:00:00.002 . Memory (MB): peak = 1944.723 ; gain = 0.000

Time (s): cpu = 00:00:09 ; elapsed = 00:00:06 . Memory (MB): peak = 1944.723 ; gain = 0.000
Phase 4 Post Placement Optimization and Clean-Up | Checksum: 1311d165a

Time (s): cpu = 00:00:09 ; elapsed = 00:00:06 . Memory (MB): peak = 1944.723 ; gain = 0.000
Ending Placer Task | Checksum: 8501e6ea

Time (s): cpu = 00:00:09 ; elapsed = 00:00:06 . Memory (MB): peak = 1944.723 ; gain = 0.000
INFO: [Common 17-83] Releasing license: Implementation
79 Infos, 1 Warnings, 0 Critical Warnings and 0 Errors encountered.
place_design completed successfully
place_design: Time (s): cpu = 00:00:11 ; elapsed = 00:00:07 . Memory (MB): peak = 1944.723 ; gain = 0.000
INFO: [Timing 38-480] Writing timing data to binary archive.
Writing placer database...
Writing XDEF routing.
Writing XDEF routing logical nets.
Writing XDEF routing special nets.
Write XDEF Complete: Time (s): cpu = 00:00:01 ; elapsed = 00:00:00.231 . Memory (MB): peak = 1944.723 ; gain = 0.000
INFO: [Common 17-1381] The checkpoint 'Q:/Blink_With_Patricks_CE/Blink_With_Patricks_CE.runs/impl_1/This_Better_Work_placed.dcp' has been generated.
INFO: [runtcl-4] Executing : report_io -file This_Better_Work_io_placed.rpt
report_io: Time (s): cpu = 00:00:00 ; elapsed = 00:00:00.024 . Memory (MB): peak = 1944.723 ; gain = 0.000
INFO: [runtcl-4] Executing : report_utilization -file This_Better_Work_utilization_placed.rpt -pb This_Better_Work_utilization_placed.pb
INFO: [runtcl-4] Executing : report_control_sets -verbose -file This_Better_Work_control_sets_placed.rpt
report_control_sets: Time (s): cpu = 00:00:00 ; elapsed = 00:00:00.014 . Memory (MB): peak = 1944.723 ; gain = 0.000
Command: phys_opt_design
Attempting to get a license for feature 'Implementation' and/or device 'xc7a35t'
INFO: [Common 17-349] Got license for feature 'Implementation' and/or device 'xc7a35t'
INFO: [Vivado_Tcl 4-383] Design worst setup slack (WNS) is greater than or equal to 0.000 ns. Skipping all physical synthesis optimizations.
INFO: [Vivado_Tcl 4-232] No setup violation found. The netlist was not modified.
INFO: [Common 17-83] Releasing license: Implementation
88 Infos, 1 Warnings, 0 Critical Warnings and 0 Errors encountered.
phys_opt_design completed successfully
INFO: [Timing 38-480] Writing timing data to binary archive.
Writing placer database...
Writing XDEF routing.
Writing XDEF routing logical nets.
Writing XDEF routing special nets.
Write XDEF Complete: Time (s): cpu = 00:00:01 ; elapsed = 00:00:00.273 . Memory (MB): peak = 1944.723 ; gain = 0.000
INFO: [Common 17-1381] The checkpoint 'Q:/Blink_With_Patricks_CE/Blink_With_Patricks_CE.runs/impl_1/This_Better_Work_physopt.dcp' has been generated.
Command: route_design
Attempting to get a license for feature 'Implementation' and/or device 'xc7a35t'
INFO: [Common 17-349] Got license for feature 'Implementation' and/or device 'xc7a35t'
Running DRC as a precondition to command route_design
INFO: [DRC 23-27] Running DRC with 2 threads
INFO: [Vivado_Tcl 4-198] DRC finished with 0 Errors
INFO: [Vivado_Tcl 4-199] Please refer to the DRC report (report_drc) for more information.


Starting Routing Task
INFO: [Route 35-254] Multithreading enabled for route_design using a maximum of 2 CPUs
Checksum: PlaceDB: 2f3aba75 ConstDB: 0 ShapeSum: 55c72c75 RouteDB: 0

Phase 1 Build RT Design
Phase 1 Build RT Design | Checksum: 88f82b00

Time (s): cpu = 00:00:17 ; elapsed = 00:00:15 . Memory (MB): peak = 1985.312 ; gain = 40.590
Post Restoration Checksum: NetGraph: 2675097e NumContArr: 62832182 Constraints: 0 Timing: 0

Phase 2 Router Initialization

Phase 2.1 Create Timer
Phase 2.1 Create Timer | Checksum: 88f82b00

Time (s): cpu = 00:00:17 ; elapsed = 00:00:15 . Memory (MB): peak = 1985.312 ; gain = 40.590

Phase 2.2 Fix Topology Constraints
Phase 2.2 Fix Topology Constraints | Checksum: 88f82b00

Time (s): cpu = 00:00:17 ; elapsed = 00:00:15 . Memory (MB): peak = 1991.301 ; gain = 46.578

Phase 2.3 Pre Route Cleanup
Phase 2.3 Pre Route Cleanup | Checksum: 88f82b00

Time (s): cpu = 00:00:17 ; elapsed = 00:00:15 . Memory (MB): peak = 1991.301 ; gain = 46.578
 Number of Nodes with overlaps = 0

Phase 2.4 Update Timing
Phase 2.4 Update Timing | Checksum: cbd1e3fd

Time (s): cpu = 00:00:18 ; elapsed = 00:00:16 . Memory (MB): peak = 2001.336 ; gain = 56.613
INFO: [Route 35-416] Intermediate Timing Summary | WNS=4.271  | TNS=0.000  | WHS=-0.204 | THS=-74.091|


Phase 2.5 Update Timing for Bus Skew

Phase 2.5.1 Update Timing
Phase 2.5.1 Update Timing | Checksum: 175bf6de6

Time (s): cpu = 00:00:19 ; elapsed = 00:00:16 . Memory (MB): peak = 2001.336 ; gain = 56.613
INFO: [Route 35-416] Intermediate Timing Summary | WNS=4.271  | TNS=0.000  | WHS=N/A    | THS=N/A    |

Phase 2.5 Update Timing for Bus Skew | Checksum: e45fd86a

Time (s): cpu = 00:00:19 ; elapsed = 00:00:16 . Memory (MB): peak = 2015.090 ; gain = 70.367
Phase 2 Router Initialization | Checksum: 150a5bb49

Time (s): cpu = 00:00:19 ; elapsed = 00:00:16 . Memory (MB): peak = 2015.090 ; gain = 70.367

Router Utilization Summary
  Global Vertical Routing Utilization    = 0 %
  Global Horizontal Routing Utilization  = 0 %
  Routable Net Status*
  *Does not include unroutable nets such as driverless and loadless.
  Run report_route_status for detailed report.
  Number of Failed Nets               = 2825
    (Failed Nets is the sum of unrouted and partially routed nets)
  Number of Unrouted Nets             = 2825
  Number of Partially Routed Nets     = 0
  Number of Node Overlaps             = 0


Phase 3 Initial Routing

Phase 3.1 Global Routing
Phase 3.1 Global Routing | Checksum: 150a5bb49

Time (s): cpu = 00:00:19 ; elapsed = 00:00:16 . Memory (MB): peak = 2015.090 ; gain = 70.367
Phase 3 Initial Routing | Checksum: 268a5a36a

Time (s): cpu = 00:00:19 ; elapsed = 00:00:16 . Memory (MB): peak = 2015.090 ; gain = 70.367

Phase 4 Rip-up And Reroute

Phase 4.1 Global Iteration 0
 Number of Nodes with overlaps = 193
 Number of Nodes with overlaps = 18
 Number of Nodes with overlaps = 2
 Number of Nodes with overlaps = 0
INFO: [Route 35-416] Intermediate Timing Summary | WNS=3.936  | TNS=0.000  | WHS=N/A    | THS=N/A    |

Phase 4.1 Global Iteration 0 | Checksum: 23637728a

Time (s): cpu = 00:00:20 ; elapsed = 00:00:17 . Memory (MB): peak = 2015.090 ; gain = 70.367

Phase 4.2 Global Iteration 1
 Number of Nodes with overlaps = 2
 Number of Nodes with overlaps = 0
INFO: [Route 35-416] Intermediate Timing Summary | WNS=3.936  | TNS=0.000  | WHS=N/A    | THS=N/A    |

Phase 4.2 Global Iteration 1 | Checksum: 126c54a54

Time (s): cpu = 00:00:21 ; elapsed = 00:00:17 . Memory (MB): peak = 2015.090 ; gain = 70.367
Phase 4 Rip-up And Reroute | Checksum: 126c54a54

Time (s): cpu = 00:00:21 ; elapsed = 00:00:17 . Memory (MB): peak = 2015.090 ; gain = 70.367

Phase 5 Delay and Skew Optimization

Phase 5.1 Delay CleanUp

Phase 5.1.1 Update Timing
Phase 5.1.1 Update Timing | Checksum: e56e5a96

Time (s): cpu = 00:00:21 ; elapsed = 00:00:18 . Memory (MB): peak = 2015.090 ; gain = 70.367
INFO: [Route 35-416] Intermediate Timing Summary | WNS=4.016  | TNS=0.000  | WHS=N/A    | THS=N/A    |

Phase 5.1 Delay CleanUp | Checksum: 1b3f49ea0

Time (s): cpu = 00:00:21 ; elapsed = 00:00:18 . Memory (MB): peak = 2015.090 ; gain = 70.367

Phase 5.2 Clock Skew Optimization
Phase 5.2 Clock Skew Optimization | Checksum: 1b3f49ea0

Time (s): cpu = 00:00:21 ; elapsed = 00:00:18 . Memory (MB): peak = 2015.090 ; gain = 70.367
Phase 5 Delay and Skew Optimization | Checksum: 1b3f49ea0

Time (s): cpu = 00:00:21 ; elapsed = 00:00:18 . Memory (MB): peak = 2015.090 ; gain = 70.367

Phase 6 Post Hold Fix

Phase 6.1 Hold Fix Iter

Phase 6.1.1 Update Timing
Phase 6.1.1 Update Timing | Checksum: d28f2a30

Time (s): cpu = 00:00:21 ; elapsed = 00:00:18 . Memory (MB): peak = 2015.090 ; gain = 70.367
INFO: [Route 35-416] Intermediate Timing Summary | WNS=4.016  | TNS=0.000  | WHS=0.035  | THS=0.000  |

Phase 6.1 Hold Fix Iter | Checksum: 182306de9

Time (s): cpu = 00:00:21 ; elapsed = 00:00:18 . Memory (MB): peak = 2015.090 ; gain = 70.367
Phase 6 Post Hold Fix | Checksum: 182306de9

Time (s): cpu = 00:00:21 ; elapsed = 00:00:18 . Memory (MB): peak = 2015.090 ; gain = 70.367

Phase 7 Route finalize

Router Utilization Summary
  Global Vertical Routing Utilization    = 0.589094 %
  Global Horizontal Routing Utilization  = 0.657991 %
  Routable Net Status*
  *Does not include unroutable nets such as driverless and loadless.
  Run report_route_status for detailed report.
  Number of Failed Nets               = 0
    (Failed Nets is the sum of unrouted and partially routed nets)
  Number of Unrouted Nets             = 0
  Number of Partially Routed Nets     = 0
  Number of Node Overlaps             = 0

Phase 7 Route finalize | Checksum: 1abf7fce9

Time (s): cpu = 00:00:21 ; elapsed = 00:00:18 . Memory (MB): peak = 2015.090 ; gain = 70.367

Phase 8 Verifying routed nets

 Verification completed successfully
Phase 8 Verifying routed nets | Checksum: 1abf7fce9

Time (s): cpu = 00:00:21 ; elapsed = 00:00:18 . Memory (MB): peak = 2015.090 ; gain = 70.367

Phase 9 Depositing Routes
Phase 9 Depositing Routes | Checksum: 1e5f7b29e

Time (s): cpu = 00:00:21 ; elapsed = 00:00:18 . Memory (MB): peak = 2015.090 ; gain = 70.367

Phase 10 Post Router Timing
INFO: [Route 35-57] Estimated Timing Summary | WNS=4.016  | TNS=0.000  | WHS=0.035  | THS=0.000  |

INFO: [Route 35-327] The final timing numbers are based on the router estimated timing analysis. For a complete and accurate timing signoff, please run report_timing_summary.
Phase 10 Post Router Timing | Checksum: 1e5f7b29e

Time (s): cpu = 00:00:21 ; elapsed = 00:00:18 . Memory (MB): peak = 2015.090 ; gain = 70.367
INFO: [Route 35-16] Router Completed Successfully

Time (s): cpu = 00:00:21 ; elapsed = 00:00:18 . Memory (MB): peak = 2015.090 ; gain = 70.367

Routing Is Done.
INFO: [Common 17-83] Releasing license: Implementation
105 Infos, 1 Warnings, 0 Critical Warnings and 0 Errors encountered.
route_design completed successfully
route_design: Time (s): cpu = 00:00:23 ; elapsed = 00:00:19 . Memory (MB): peak = 2015.090 ; gain = 70.367
INFO: [Timing 38-480] Writing timing data to binary archive.
Writing placer database...
Writing XDEF routing.
Writing XDEF routing logical nets.
Writing XDEF routing special nets.
Write XDEF Complete: Time (s): cpu = 00:00:02 ; elapsed = 00:00:00.308 . Memory (MB): peak = 2023.965 ; gain = 8.875
INFO: [Common 17-1381] The checkpoint 'Q:/Blink_With_Patricks_CE/Blink_With_Patricks_CE.runs/impl_1/This_Better_Work_routed.dcp' has been generated.
INFO: [runtcl-4] Executing : report_drc -file This_Better_Work_drc_routed.rpt -pb This_Better_Work_drc_routed.pb -rpx This_Better_Work_drc_routed.rpx
Command: report_drc -file This_Better_Work_drc_routed.rpt -pb This_Better_Work_drc_routed.pb -rpx This_Better_Work_drc_routed.rpx
INFO: [IP_Flow 19-1839] IP Catalog is up to date.
INFO: [DRC 23-27] Running DRC with 2 threads
INFO: [Coretcl 2-168] The results of DRC are in file Q:/Blink_With_Patricks_CE/Blink_With_Patricks_CE.runs/impl_1/This_Better_Work_drc_routed.rpt.
report_drc completed successfully
INFO: [runtcl-4] Executing : report_methodology -file This_Better_Work_methodology_drc_routed.rpt -pb This_Better_Work_methodology_drc_routed.pb -rpx This_Better_Work_methodology_drc_routed.rpx
Command: report_methodology -file This_Better_Work_methodology_drc_routed.rpt -pb This_Better_Work_methodology_drc_routed.pb -rpx This_Better_Work_methodology_drc_routed.rpx
INFO: [Timing 38-35] Done setting XDC timing constraints.
INFO: [DRC 23-133] Running Methodology with 2 threads
INFO: [Coretcl 2-1520] The results of Report Methodology are in file Q:/Blink_With_Patricks_CE/Blink_With_Patricks_CE.runs/impl_1/This_Better_Work_methodology_drc_routed.rpt.
report_methodology completed successfully
INFO: [runtcl-4] Executing : report_power -file This_Better_Work_power_routed.rpt -pb This_Better_Work_power_summary_routed.pb -rpx This_Better_Work_power_routed.rpx
Command: report_power -file This_Better_Work_power_routed.rpt -pb This_Better_Work_power_summary_routed.pb -rpx This_Better_Work_power_routed.rpx
INFO: [Timing 38-35] Done setting XDC timing constraints.
Running Vector-less Activity Propagation...

Finished Running Vector-less Activity Propagation
117 Infos, 1 Warnings, 0 Critical Warnings and 0 Errors encountered.
report_power completed successfully
INFO: [runtcl-4] Executing : report_route_status -file This_Better_Work_route_status.rpt -pb This_Better_Work_route_status.pb
INFO: [runtcl-4] Executing : report_timing_summary -max_paths 10 -file This_Better_Work_timing_summary_routed.rpt -pb This_Better_Work_timing_summary_routed.pb -rpx This_Better_Work_timing_summary_routed.rpx -warn_on_violation 
INFO: [Timing 38-91] UpdateTimingParams: Speed grade: -1, Delay Type: min_max.
INFO: [Timing 38-191] Multithreading enabled for timing update using a maximum of 2 CPUs
WARNING: [Timing 38-436] There are set_bus_skew constraint(s) in this design. Please run report_bus_skew to ensure that bus skew requirements are met.
INFO: [runtcl-4] Executing : report_incremental_reuse -file This_Better_Work_incremental_reuse_routed.rpt
INFO: [Vivado_Tcl 4-1062] Incremental flow is disabled. No incremental reuse Info to report.
INFO: [runtcl-4] Executing : report_clock_utilization -file This_Better_Work_clock_utilization_routed.rpt
INFO: [runtcl-4] Executing : report_bus_skew -warn_on_violation -file This_Better_Work_bus_skew_routed.rpt -pb This_Better_Work_bus_skew_routed.pb -rpx This_Better_Work_bus_skew_routed.rpx
INFO: [Timing 38-91] UpdateTimingParams: Speed grade: -1, Delay Type: min_max.
INFO: [Timing 38-191] Multithreading enabled for timing update using a maximum of 2 CPUs
INFO: [Common 17-206] Exiting Vivado at Thu Nov 10 12:05:58 2022...

*** Running vivado
    with args -log This_Better_Work.vdi -applog -m64 -product Vivado -messageDb vivado.pb -mode batch -source This_Better_Work.tcl -notrace



****** Vivado v2020.2 (64-bit)
  **** SW Build 3064766 on Wed Nov 18 09:12:45 MST 2020
  **** IP Build 3064653 on Wed Nov 18 14:17:31 MST 2020
    ** Copyright 1986-2020 Xilinx, Inc. All Rights Reserved.

source This_Better_Work.tcl -notrace
Command: open_checkpoint This_Better_Work_routed.dcp

Starting open_checkpoint Task

Time (s): cpu = 00:00:00 ; elapsed = 00:00:00.038 . Memory (MB): peak = 1110.473 ; gain = 0.000
INFO: [Device 21-403] Loading part xc7a35tftg256-1
Netlist sorting complete. Time (s): cpu = 00:00:00 ; elapsed = 00:00:00.063 . Memory (MB): peak = 1110.473 ; gain = 0.000
INFO: [Netlist 29-17] Analyzing 106 Unisim elements for replacement
INFO: [Netlist 29-28] Unisim Transformation completed in 0 CPU seconds
INFO: [Project 1-479] Netlist was created with Vivado 2020.2
INFO: [Project 1-570] Preparing netlist for logic optimization
INFO: [Timing 38-478] Restoring timing data from binary archive.
INFO: [Timing 38-479] Binary timing data restore complete.
INFO: [Project 1-856] Restoring constraints from binary archive.
INFO: [Project 1-853] Binary constraint restore complete.
Reading XDEF placement.
Reading placer database...
Reading XDEF routing.
Read XDEF File: Time (s): cpu = 00:00:00 ; elapsed = 00:00:00.312 . Memory (MB): peak = 1571.770 ; gain = 8.355
Restored from archive | CPU: 0.000000 secs | Memory: 0.000000 MB |
Finished XDEF File Restore: Time (s): cpu = 00:00:00 ; elapsed = 00:00:00.313 . Memory (MB): peak = 1571.770 ; gain = 8.355
Netlist sorting complete. Time (s): cpu = 00:00:00 ; elapsed = 00:00:00.002 . Memory (MB): peak = 1571.770 ; gain = 0.000
INFO: [Project 1-111] Unisim Transformation Summary:
  A total of 63 instances were transformed.
  CFGLUT5 => CFGLUT5 (SRL16E, SRLC32E): 56 instances
  RAM32M => RAM32M (RAMD32(x6), RAMS32(x2)): 6 instances
  SRLC32E => SRL16E: 1 instance 

INFO: [Project 1-604] Checkpoint was created with Vivado v2020.2 (64-bit) build 3064766
open_checkpoint: Time (s): cpu = 00:00:17 ; elapsed = 00:00:19 . Memory (MB): peak = 1571.770 ; gain = 461.297
Command: write_bitstream -force This_Better_Work.bit
Attempting to get a license for feature 'Implementation' and/or device 'xc7a35t'
INFO: [Common 17-349] Got license for feature 'Implementation' and/or device 'xc7a35t'
Running DRC as a precondition to command write_bitstream
INFO: [IP_Flow 19-234] Refreshing IP repositories
INFO: [IP_Flow 19-1704] No user IP repositories specified
INFO: [IP_Flow 19-2313] Loaded Vivado IP repository 'C:/Users/Payton/Vivado/2020.2/data/ip'.
INFO: [DRC 23-27] Running DRC with 2 threads
WARNING: [DRC RTSTAT-10] No routable loads: 25 net(s) have no routable loads. The problem bus(es) and/or net(s) are dbg_hub/inst/BSCANID.u_xsdbm_id/CORE_XSDB.UUT_MASTER/U_ICON_INTERFACE/U_CMD6_RD/U_RD_FIFO/SUBCORE_FIFO.xsdbm_v3_0_0_rdfifo_inst/inst_fifo_gen/gconvfifo.rf/grf.rf/gntv_or_sync_fifo.gl0.rd/gr1.gr1_int.rfwft/aempty_fwft_i, dbg_hub/inst/BSCANID.u_xsdbm_id/CORE_XSDB.UUT_MASTER/U_ICON_INTERFACE/U_CMD7_CTL/ctl_reg[2:0], dbg_hub/inst/BSCANID.u_xsdbm_id/CORE_XSDB.UUT_MASTER/U_ICON_INTERFACE/U_CMD7_CTL/ctl_reg_en_2[1], dbg_hub/inst/BSCANID.u_xsdbm_id/CORE_XSDB.UUT_MASTER/U_ICON_INTERFACE/U_CMD1/ctl_reg_en_2[1], dbg_hub/inst/BSCANID.u_xsdbm_id/SWITCH_N_EXT_BSCAN.bscan_switch/m_bscan_capture[0], dbg_hub/inst/BSCANID.u_xsdbm_id/SWITCH_N_EXT_BSCAN.bscan_switch/m_bscan_drck[0], dbg_hub/inst/BSCANID.u_xsdbm_id/SWITCH_N_EXT_BSCAN.bscan_switch/m_bscan_runtest[0], dbg_hub/inst/BSCANID.u_xsdbm_id/CORE_XSDB.UUT_MASTER/U_ICON_INTERFACE/U_CMD6_WR/U_WR_FIFO/SUBCORE_FIFO.xsdbm_v3_0_0_wrfifo_inst/inst_fifo_gen/gconvfifo.rf/grf.rf/gntv_or_sync_fifo.gl0.wr/gwhf.whf/overflow, dbg_hub/inst/BSCANID.u_xsdbm_id/CORE_XSDB.UUT_MASTER/U_ICON_INTERFACE/U_CMD6_RD/U_RD_FIFO/SUBCORE_FIFO.xsdbm_v3_0_0_rdfifo_inst/inst_fifo_gen/gconvfifo.rf/grf.rf/gntv_or_sync_fifo.gl0.wr/gwhf.whf/overflow, dbg_hub/inst/BSCANID.u_xsdbm_id/CORE_XSDB.UUT_MASTER/U_ICON_INTERFACE/U_CMD6_RD/U_RD_FIFO/SUBCORE_FIFO.xsdbm_v3_0_0_rdfifo_inst/inst_fifo_gen/gconvfifo.rf/grf.rf/gntv_or_sync_fifo.gl0.rd/gras.rsts/ram_empty_i, dbg_hub/inst/BSCANID.u_xsdbm_id/CORE_XSDB.UUT_MASTER/U_ICON_INTERFACE/U_CMD6_WR/U_WR_FIFO/SUBCORE_FIFO.xsdbm_v3_0_0_wrfifo_inst/inst_fifo_gen/gconvfifo.rf/grf.rf/gntv_or_sync_fifo.gl0.wr/gwas.wsts/ram_full_i, dbg_hub/inst/BSCANID.u_xsdbm_id/CORE_XSDB.UUT_MASTER/U_ICON_INTERFACE/U_CMD6_WR/U_WR_FIFO/SUBCORE_FIFO.xsdbm_v3_0_0_wrfifo_inst/inst_fifo_gen/gconvfifo.rf/grf.rf/rstblk/rd_rst_reg[0], dbg_hub/inst/BSCANID.u_xsdbm_id/SWITCH_N_EXT_BSCAN.bscan_inst/s_bscan_tms, ila_0/inst/ila_core_inst/u_ila_regs/U_XSDB_SLAVE/s_daddr_o[13], ila_0/inst/ila_core_inst/u_ila_regs/U_XSDB_SLAVE/s_daddr_o[14]... and (the first 15 of 23 listed).
INFO: [Vivado 12-3199] DRC finished with 0 Errors, 1 Warnings
INFO: [Vivado 12-3200] Please refer to the DRC report (report_drc) for more information.
INFO: [Designutils 20-2272] Running write_bitstream with 2 threads.
Loading data files...
Loading site data...
Loading route data...
Processing options...
Creating bitmap...
Creating bitstream...
Writing bitstream ./This_Better_Work.bit...
INFO: [Vivado 12-1842] Bitgen Completed Successfully.
INFO: [Project 1-118] WebTalk data collection is enabled (User setting is ON. Install Setting is ON.).
INFO: [Common 17-186] 'Q:/Blink_With_Patricks_CE/Blink_With_Patricks_CE.runs/impl_1/usage_statistics_webtalk.xml' has been successfully sent to Xilinx on Thu Nov 10 12:07:14 2022. For additional details about this file, please refer to the WebTalk help file at C:/Users/Payton/Vivado/2020.2/doc/webtalk_introduction.html.
INFO: [Common 17-83] Releasing license: Implementation
23 Infos, 1 Warnings, 0 Critical Warnings and 0 Errors encountered.
write_bitstream completed successfully
write_bitstream: Time (s): cpu = 00:00:14 ; elapsed = 00:00:15 . Memory (MB): peak = 2075.539 ; gain = 503.770
INFO: [Common 17-206] Exiting Vivado at Thu Nov 10 12:07:14 2022...
