
*** Running vivado
    with args -log Talk_to.vds -m64 -product Vivado -mode batch -messageDb vivado.pb -notrace -source Talk_to.tcl



****** Vivado v2020.2 (64-bit)
  **** SW Build 3064766 on Wed Nov 18 09:12:45 MST 2020
  **** IP Build 3064653 on Wed Nov 18 14:17:31 MST 2020
    ** Copyright 1986-2020 Xilinx, Inc. All Rights Reserved.

source Talk_to.tcl -notrace
Command: synth_design -top Talk_to -part xc7a35tftg256-1
Starting synth_design
Attempting to get a license for feature 'Synthesis' and/or device 'xc7a35t'
INFO: [Common 17-349] Got license for feature 'Synthesis' and/or device 'xc7a35t'
INFO: [Device 21-403] Loading part xc7a35tftg256-1
INFO: [Synth 8-7079] Multithreading enabled for synth_design using a maximum of 2 processes.
INFO: [Synth 8-7078] Launching helper process for spawning children vivado processes
INFO: [Synth 8-7075] Helper process launched with PID 12292
---------------------------------------------------------------------------------
Starting RTL Elaboration : Time (s): cpu = 00:00:04 ; elapsed = 00:00:04 . Memory (MB): peak = 1128.508 ; gain = 22.273
---------------------------------------------------------------------------------
INFO: [Synth 8-6157] synthesizing module 'Talk_to' [M:/TURFIO_PROTO_Talk_To_LMK01010.srcs/sources_1/new/counter.v:22]
	Parameter dataW bound to: 32 - type: integer 
	Parameter Bit0 bound to: 33'b000000000000000000000000000000000 
	Parameter Bit1 bound to: 33'b000000000000000000000000000000001 
	Parameter Bit2 bound to: 33'b000000000000000000000000000000010 
	Parameter Bit3 bound to: 33'b000000000000000000000000000000011 
	Parameter Bit4 bound to: 33'b000000000000000000000000000000100 
	Parameter Bit5 bound to: 33'b000000000000000000000000000000101 
	Parameter Bit6 bound to: 33'b000000000000000000000000000000110 
	Parameter Bit7 bound to: 33'b000000000000000000000000000000111 
	Parameter Bit8 bound to: 33'b000000000000000000000000000001000 
	Parameter Bit9 bound to: 33'b000000000000000000000000000001001 
	Parameter Bit10 bound to: 33'b000000000000000000000000000001010 
	Parameter Bit11 bound to: 33'b000000000000000000000000000001011 
	Parameter Bit12 bound to: 33'b000000000000000000000000000001100 
	Parameter Bit13 bound to: 33'b000000000000000000000000000001101 
	Parameter Bit14 bound to: 33'b000000000000000000000000000001110 
	Parameter Bit15 bound to: 33'b000000000000000000000000000001111 
	Parameter Bit16 bound to: 33'b000000000000000000000000000010000 
	Parameter Bit17 bound to: 33'b000000000000000000000000000010001 
	Parameter Bit18 bound to: 33'b000000000000000000000000000010010 
	Parameter Bit19 bound to: 33'b000000000000000000000000000010011 
	Parameter Bit20 bound to: 33'b000000000000000000000000000010100 
	Parameter Bit21 bound to: 33'b000000000000000000000000000010101 
	Parameter Bit22 bound to: 33'b000000000000000000000000000010110 
	Parameter Bit23 bound to: 33'b000000000000000000000000000010111 
	Parameter Bit24 bound to: 33'b000000000000000000000000000011000 
	Parameter Bit25 bound to: 33'b000000000000000000000000000011001 
	Parameter Bit26 bound to: 33'b000000000000000000000000000011010 
	Parameter Bit27 bound to: 33'b000000000000000000000000000011011 
	Parameter Bit28 bound to: 33'b000000000000000000000000000011100 
	Parameter Bit29 bound to: 33'b000000000000000000000000000011101 
	Parameter Bit30 bound to: 33'b000000000000000000000000000011110 
	Parameter Bit31 bound to: 33'b000000000000000000000000000011111 
	Parameter BitLE bound to: 33'b000000000000000000000000000100000 
INFO: [Synth 8-6157] synthesizing module 'ClockDiv' [M:/TURFIO_PROTO_Talk_To_LMK01010.srcs/sources_1/new/counter.v:403]
	Parameter P bound to: 0 - type: integer 
	Parameter N bound to: 1 - type: integer 
INFO: [Synth 8-226] default block is never used [M:/TURFIO_PROTO_Talk_To_LMK01010.srcs/sources_1/new/counter.v:419]
INFO: [Synth 8-6155] done synthesizing module 'ClockDiv' (1#1) [M:/TURFIO_PROTO_Talk_To_LMK01010.srcs/sources_1/new/counter.v:403]
INFO: [Synth 8-6157] synthesizing module 'counter' [M:/TURFIO_PROTO_Talk_To_LMK01010.srcs/sources_1/new/counter.v:445]
	Parameter FREQ bound to: 20000000 - type: integer 
	Parameter C_BITS bound to: 25 - type: integer 
INFO: [Synth 8-6155] done synthesizing module 'counter' (2#1) [M:/TURFIO_PROTO_Talk_To_LMK01010.srcs/sources_1/new/counter.v:445]
WARNING: [Synth 8-7071] port 'Val' of module 'counter' is unconnected for instance 'counter' [M:/TURFIO_PROTO_Talk_To_LMK01010.srcs/sources_1/new/counter.v:67]
WARNING: [Synth 8-7023] instance 'counter' of module 'counter' has 3 connections declared, but only 2 given [M:/TURFIO_PROTO_Talk_To_LMK01010.srcs/sources_1/new/counter.v:67]
WARNING: [Synth 8-4446] all outputs are unconnected for this instance and logic may be removed [M:/TURFIO_PROTO_Talk_To_LMK01010.srcs/sources_1/new/counter.v:74]
INFO: [Synth 8-6157] synthesizing module 'ila_0' [M:/TURFIO_PROTO_Talk_To_LMK01010.runs/synth_1/.Xil/Vivado-21964-DESKTOP-0RQFACS/realtime/ila_0_stub.v:6]
INFO: [Synth 8-6155] done synthesizing module 'ila_0' (3#1) [M:/TURFIO_PROTO_Talk_To_LMK01010.runs/synth_1/.Xil/Vivado-21964-DESKTOP-0RQFACS/realtime/ila_0_stub.v:6]
INFO: [Synth 8-6071] Mark debug on the nets applies keep_hierarchy on instance 'debugger'. This will prevent further optimization [M:/TURFIO_PROTO_Talk_To_LMK01010.srcs/sources_1/new/counter.v:74]
INFO: [Synth 8-6071] Mark debug on the nets applies keep_hierarchy on instance 'ClockDiv'. This will prevent further optimization [M:/TURFIO_PROTO_Talk_To_LMK01010.srcs/sources_1/new/counter.v:66]
INFO: [Synth 8-6071] Mark debug on the nets applies keep_hierarchy on instance 'counter'. This will prevent further optimization [M:/TURFIO_PROTO_Talk_To_LMK01010.srcs/sources_1/new/counter.v:67]
INFO: [Synth 8-6155] done synthesizing module 'Talk_to' (4#1) [M:/TURFIO_PROTO_Talk_To_LMK01010.srcs/sources_1/new/counter.v:22]
---------------------------------------------------------------------------------
Finished RTL Elaboration : Time (s): cpu = 00:00:05 ; elapsed = 00:00:05 . Memory (MB): peak = 1183.824 ; gain = 77.590
---------------------------------------------------------------------------------
---------------------------------------------------------------------------------
Start Handling Custom Attributes
---------------------------------------------------------------------------------
---------------------------------------------------------------------------------
Finished Handling Custom Attributes : Time (s): cpu = 00:00:06 ; elapsed = 00:00:06 . Memory (MB): peak = 1183.824 ; gain = 77.590
---------------------------------------------------------------------------------
---------------------------------------------------------------------------------
Finished RTL Optimization Phase 1 : Time (s): cpu = 00:00:06 ; elapsed = 00:00:06 . Memory (MB): peak = 1183.824 ; gain = 77.590
---------------------------------------------------------------------------------
Netlist sorting complete. Time (s): cpu = 00:00:00 ; elapsed = 00:00:00.003 . Memory (MB): peak = 1183.824 ; gain = 0.000
INFO: [Project 1-570] Preparing netlist for logic optimization

Processing XDC Constraints
Initializing timing engine
Parsing XDC File [m:/TURFIO_PROTO_Talk_To_LMK01010.gen/sources_1/ip/ila_0/ila_0/ila_0_in_context.xdc] for cell 'debugger'
Finished Parsing XDC File [m:/TURFIO_PROTO_Talk_To_LMK01010.gen/sources_1/ip/ila_0/ila_0/ila_0_in_context.xdc] for cell 'debugger'
Parsing XDC File [M:/TURFIO_PROTO_Talk_To_LMK01010.srcs/constrs_1/imports/MiMas/Mimasa7Mini.xdc]
Finished Parsing XDC File [M:/TURFIO_PROTO_Talk_To_LMK01010.srcs/constrs_1/imports/MiMas/Mimasa7Mini.xdc]
INFO: [Project 1-236] Implementation specific constraints were found while reading constraint file [M:/TURFIO_PROTO_Talk_To_LMK01010.srcs/constrs_1/imports/MiMas/Mimasa7Mini.xdc]. These constraints will be ignored for synthesis but will be used in implementation. Impacted constraints are listed in the file [.Xil/Talk_to_propImpl.xdc].
Resolution: To avoid this warning, move constraints listed in [.Xil/Talk_to_propImpl.xdc] to another XDC file and exclude this new file from synthesis with the used_in_synthesis property (File Properties dialog in GUI) and re-run elaboration/synthesis.
Completed Processing XDC Constraints

Netlist sorting complete. Time (s): cpu = 00:00:00 ; elapsed = 00:00:00 . Memory (MB): peak = 1266.352 ; gain = 0.000
INFO: [Project 1-111] Unisim Transformation Summary:
No Unisim elements were transformed.

Constraint Validation Runtime : Time (s): cpu = 00:00:00 ; elapsed = 00:00:00.004 . Memory (MB): peak = 1266.352 ; gain = 0.000
---------------------------------------------------------------------------------
Finished Constraint Validation : Time (s): cpu = 00:00:11 ; elapsed = 00:00:12 . Memory (MB): peak = 1266.352 ; gain = 160.117
---------------------------------------------------------------------------------
---------------------------------------------------------------------------------
Start Loading Part and Timing Information
---------------------------------------------------------------------------------
Loading part: xc7a35tftg256-1
---------------------------------------------------------------------------------
Finished Loading Part and Timing Information : Time (s): cpu = 00:00:11 ; elapsed = 00:00:12 . Memory (MB): peak = 1266.352 ; gain = 160.117
---------------------------------------------------------------------------------
---------------------------------------------------------------------------------
Start Applying 'set_property' XDC Constraints
---------------------------------------------------------------------------------
Applied set_property KEEP_HIERARCHY = SOFT for debugger. (constraint file  auto generated constraint).
---------------------------------------------------------------------------------
Finished applying 'set_property' XDC Constraints : Time (s): cpu = 00:00:11 ; elapsed = 00:00:12 . Memory (MB): peak = 1266.352 ; gain = 160.117
---------------------------------------------------------------------------------
INFO: [Synth 8-802] inferred FSM for state register 'state_reg' in module 'Talk_to'
---------------------------------------------------------------------------------------------------
                   State |                     New Encoding |                Previous Encoding 
---------------------------------------------------------------------------------------------------
                    Bit0 |                           000000 | 000000000000000000000000000000000
                    Bit1 |                           000001 | 000000000000000000000000000000001
                    Bit2 |                           000010 | 000000000000000000000000000000010
                    Bit3 |                           000011 | 000000000000000000000000000000011
                    Bit4 |                           000100 | 000000000000000000000000000000100
                    Bit5 |                           000101 | 000000000000000000000000000000101
                    Bit6 |                           000110 | 000000000000000000000000000000110
                    Bit7 |                           000111 | 000000000000000000000000000000111
                    Bit8 |                           001000 | 000000000000000000000000000001000
                    Bit9 |                           001001 | 000000000000000000000000000001001
                   Bit10 |                           001010 | 000000000000000000000000000001010
                   Bit11 |                           001011 | 000000000000000000000000000001011
                   Bit12 |                           001100 | 000000000000000000000000000001100
                   Bit13 |                           001101 | 000000000000000000000000000001101
                   Bit14 |                           001110 | 000000000000000000000000000001110
                   Bit15 |                           001111 | 000000000000000000000000000001111
                   Bit16 |                           010000 | 000000000000000000000000000010000
                   Bit17 |                           010001 | 000000000000000000000000000010001
                   Bit18 |                           010010 | 000000000000000000000000000010010
                   Bit19 |                           010011 | 000000000000000000000000000010011
                   Bit20 |                           010100 | 000000000000000000000000000010100
                   Bit21 |                           010101 | 000000000000000000000000000010101
                   Bit22 |                           010110 | 000000000000000000000000000010110
                   Bit23 |                           010111 | 000000000000000000000000000010111
                   Bit24 |                           011000 | 000000000000000000000000000011000
                   Bit25 |                           011001 | 000000000000000000000000000011001
                   Bit26 |                           011010 | 000000000000000000000000000011010
                   Bit27 |                           011011 | 000000000000000000000000000011011
                   Bit28 |                           011100 | 000000000000000000000000000011100
                   Bit29 |                           011101 | 000000000000000000000000000011101
                   Bit30 |                           011110 | 000000000000000000000000000011110
                   Bit31 |                           011111 | 000000000000000000000000000011111
                   BitLE |                           100000 | 000000000000000000000000000100000
---------------------------------------------------------------------------------------------------
INFO: [Synth 8-3354] encoded FSM with state register 'state_reg' using encoding 'sequential' in module 'Talk_to'
---------------------------------------------------------------------------------
Finished RTL Optimization Phase 2 : Time (s): cpu = 00:00:11 ; elapsed = 00:00:12 . Memory (MB): peak = 1266.352 ; gain = 160.117
---------------------------------------------------------------------------------
---------------------------------------------------------------------------------
Start RTL Component Statistics 
---------------------------------------------------------------------------------
Detailed RTL Component Info : 
+---Adders : 
	   2 Input   25 Bit       Adders := 1     
	   2 Input    3 Bit       Adders := 2     
	   2 Input    1 Bit       Adders := 3     
+---Registers : 
	               25 Bit    Registers := 1     
	                3 Bit    Registers := 2     
	                1 Bit    Registers := 7     
+---Muxes : 
	  33 Input    6 Bit        Muxes := 1     
	   2 Input    3 Bit        Muxes := 2     
	   2 Input    1 Bit        Muxes := 2     
	   3 Input    1 Bit        Muxes := 1     
	  33 Input    1 Bit        Muxes := 4     
---------------------------------------------------------------------------------
Finished RTL Component Statistics 
---------------------------------------------------------------------------------
---------------------------------------------------------------------------------
Start Part Resource Summary
---------------------------------------------------------------------------------
Part Resources:
DSPs: 90 (col length:60)
BRAMs: 100 (col length: RAMB18 60 RAMB36 30)
---------------------------------------------------------------------------------
Finished Part Resource Summary
---------------------------------------------------------------------------------
---------------------------------------------------------------------------------
Start Cross Boundary and Area Optimization
---------------------------------------------------------------------------------
---------------------------------------------------------------------------------
Finished Cross Boundary and Area Optimization : Time (s): cpu = 00:00:13 ; elapsed = 00:00:14 . Memory (MB): peak = 1266.352 ; gain = 160.117
---------------------------------------------------------------------------------
---------------------------------------------------------------------------------
Start Applying XDC Timing Constraints
---------------------------------------------------------------------------------
---------------------------------------------------------------------------------
Finished Applying XDC Timing Constraints : Time (s): cpu = 00:00:18 ; elapsed = 00:00:19 . Memory (MB): peak = 1276.977 ; gain = 170.742
---------------------------------------------------------------------------------
---------------------------------------------------------------------------------
Start Timing Optimization
---------------------------------------------------------------------------------
---------------------------------------------------------------------------------
Finished Timing Optimization : Time (s): cpu = 00:00:18 ; elapsed = 00:00:19 . Memory (MB): peak = 1277.125 ; gain = 170.891
---------------------------------------------------------------------------------
---------------------------------------------------------------------------------
Start Technology Mapping
---------------------------------------------------------------------------------
---------------------------------------------------------------------------------
Finished Technology Mapping : Time (s): cpu = 00:00:18 ; elapsed = 00:00:19 . Memory (MB): peak = 1306.254 ; gain = 200.020
---------------------------------------------------------------------------------
---------------------------------------------------------------------------------
Start IO Insertion
---------------------------------------------------------------------------------
---------------------------------------------------------------------------------
Start Flattening Before IO Insertion
---------------------------------------------------------------------------------
---------------------------------------------------------------------------------
Finished Flattening Before IO Insertion
---------------------------------------------------------------------------------
---------------------------------------------------------------------------------
Start Final Netlist Cleanup
---------------------------------------------------------------------------------
---------------------------------------------------------------------------------
Finished Final Netlist Cleanup
---------------------------------------------------------------------------------
WARNING: [Synth 8-5396] Clock pin C has keep related attribute (keep/mark_debug/dont_touch) which could create extra logic on its net [M:/TURFIO_PROTO_Talk_To_LMK01010.srcs/sources_1/new/counter.v:88]
---------------------------------------------------------------------------------
Finished IO Insertion : Time (s): cpu = 00:00:21 ; elapsed = 00:00:23 . Memory (MB): peak = 1306.254 ; gain = 200.020
---------------------------------------------------------------------------------
---------------------------------------------------------------------------------
Start Renaming Generated Instances
---------------------------------------------------------------------------------
---------------------------------------------------------------------------------
Finished Renaming Generated Instances : Time (s): cpu = 00:00:21 ; elapsed = 00:00:23 . Memory (MB): peak = 1306.254 ; gain = 200.020
---------------------------------------------------------------------------------
---------------------------------------------------------------------------------
Start Rebuilding User Hierarchy
---------------------------------------------------------------------------------
---------------------------------------------------------------------------------
Finished Rebuilding User Hierarchy : Time (s): cpu = 00:00:21 ; elapsed = 00:00:23 . Memory (MB): peak = 1306.254 ; gain = 200.020
---------------------------------------------------------------------------------
---------------------------------------------------------------------------------
Start Renaming Generated Ports
---------------------------------------------------------------------------------
---------------------------------------------------------------------------------
Finished Renaming Generated Ports : Time (s): cpu = 00:00:21 ; elapsed = 00:00:23 . Memory (MB): peak = 1306.254 ; gain = 200.020
---------------------------------------------------------------------------------
---------------------------------------------------------------------------------
Start Handling Custom Attributes
---------------------------------------------------------------------------------
---------------------------------------------------------------------------------
Finished Handling Custom Attributes : Time (s): cpu = 00:00:21 ; elapsed = 00:00:23 . Memory (MB): peak = 1306.254 ; gain = 200.020
---------------------------------------------------------------------------------
---------------------------------------------------------------------------------
Start Renaming Generated Nets
---------------------------------------------------------------------------------
---------------------------------------------------------------------------------
Finished Renaming Generated Nets : Time (s): cpu = 00:00:21 ; elapsed = 00:00:23 . Memory (MB): peak = 1306.254 ; gain = 200.020
---------------------------------------------------------------------------------
---------------------------------------------------------------------------------
Start Writing Synthesis Report
---------------------------------------------------------------------------------

Report BlackBoxes: 
+------+--------------+----------+
|      |BlackBox name |Instances |
+------+--------------+----------+
|1     |ila_0         |         1|
+------+--------------+----------+

Report Cell Usage: 
+------+-------+------+
|      |Cell   |Count |
+------+-------+------+
|1     |ila    |     1|
|2     |BUFG   |     1|
|3     |CARRY4 |     6|
|4     |LUT1   |     4|
|5     |LUT2   |     4|
|6     |LUT3   |     4|
|7     |LUT4   |     6|
|8     |LUT5   |     9|
|9     |LUT6   |     5|
|10    |FDE    |     1|
|11    |FDRE   |    43|
|12    |IBUF   |     1|
|13    |OBUF   |     5|
+------+-------+------+
---------------------------------------------------------------------------------
Finished Writing Synthesis Report : Time (s): cpu = 00:00:21 ; elapsed = 00:00:23 . Memory (MB): peak = 1306.254 ; gain = 200.020
---------------------------------------------------------------------------------
Synthesis finished with 0 errors, 0 critical warnings and 1 warnings.
Synthesis Optimization Runtime : Time (s): cpu = 00:00:15 ; elapsed = 00:00:21 . Memory (MB): peak = 1306.254 ; gain = 117.492
Synthesis Optimization Complete : Time (s): cpu = 00:00:22 ; elapsed = 00:00:23 . Memory (MB): peak = 1306.254 ; gain = 200.020
INFO: [Project 1-571] Translating synthesized netlist
Netlist sorting complete. Time (s): cpu = 00:00:00 ; elapsed = 00:00:00.001 . Memory (MB): peak = 1308.582 ; gain = 0.000
INFO: [Netlist 29-17] Analyzing 7 Unisim elements for replacement
INFO: [Netlist 29-28] Unisim Transformation completed in 0 CPU seconds
INFO: [Project 1-570] Preparing netlist for logic optimization
INFO: [Opt 31-138] Pushed 0 inverter(s) to 0 load pin(s).
Netlist sorting complete. Time (s): cpu = 00:00:00 ; elapsed = 00:00:00 . Memory (MB): peak = 1317.234 ; gain = 0.000
INFO: [Project 1-111] Unisim Transformation Summary:
  A total of 1 instances were transformed.
  FDE_1 => FDRE (inverted pins: C): 1 instance 

INFO: [Common 17-83] Releasing license: Synthesis
29 Infos, 4 Warnings, 0 Critical Warnings and 0 Errors encountered.
synth_design completed successfully
synth_design: Time (s): cpu = 00:00:27 ; elapsed = 00:00:38 . Memory (MB): peak = 1317.234 ; gain = 211.000
INFO: [Common 17-1381] The checkpoint 'M:/TURFIO_PROTO_Talk_To_LMK01010.runs/synth_1/Talk_to.dcp' has been generated.
INFO: [runtcl-4] Executing : report_utilization -file Talk_to_utilization_synth.rpt -pb Talk_to_utilization_synth.pb
INFO: [Common 17-206] Exiting Vivado at Tue Oct 25 11:52:08 2022...
