#-----------------------------------------------------------
# Vivado v2020.2 (64-bit)
# SW Build 3064766 on Wed Nov 18 09:12:45 MST 2020
# IP Build 3064653 on Wed Nov 18 14:17:31 MST 2020
# Start of session at: Mon Nov 14 10:28:46 2022
# Process ID: 5460
# Current directory: C:/Users/Payton/Vivado_Projects/Artix_7_MiMas_A7/Mimas_Firmware/TURFIO_PROTO_Talk_To_LMK01010/LMK_010101
# Command line: vivado.exe -gui_launcher_event rodinguilauncherevent16572 C:\Users\Payton\Vivado_Projects\Artix_7_MiMas_A7\Mimas_Firmware\TURFIO_PROTO_Talk_To_LMK01010\LMK_010101\LMK_010101.xpr
# Log file: C:/Users/Payton/Vivado_Projects/Artix_7_MiMas_A7/Mimas_Firmware/TURFIO_PROTO_Talk_To_LMK01010/LMK_010101/vivado.log
# Journal file: C:/Users/Payton/Vivado_Projects/Artix_7_MiMas_A7/Mimas_Firmware/TURFIO_PROTO_Talk_To_LMK01010/LMK_010101\vivado.jou
#-----------------------------------------------------------
start_gui
open_project C:/Users/Payton/Vivado_Projects/Artix_7_MiMas_A7/Mimas_Firmware/TURFIO_PROTO_Talk_To_LMK01010/LMK_010101/LMK_010101.xpr
INFO: [ProjectBase 1-489] The host OS only allows 260 characters in a normal path. The project is stored in a path with more than 80 characters. If you experience issues with IP, Block Designs, or files not being found, please consider moving the project to a location with a shorter path. Alternately consider using the OS subst command to map part of the path to a drive letter.
Current project path is 'C:/Users/Payton/Vivado_Projects/Artix_7_MiMas_A7/Mimas_Firmware/TURFIO_PROTO_Talk_To_LMK01010/LMK_010101'
INFO: [Project 1-313] Project file moved from 'M:/LMK_010101' since last save.
Scanning sources...
Finished scanning sources
INFO: [IP_Flow 19-234] Refreshing IP repositories
INFO: [IP_Flow 19-1704] No user IP repositories specified
INFO: [IP_Flow 19-2313] Loaded Vivado IP repository 'C:/Users/Payton/Vivado/2020.2/data/ip'.
open_project: Time (s): cpu = 00:00:16 ; elapsed = 00:00:09 . Memory (MB): peak = 1109.027 ; gain = 0.000
update_compile_order -fileset sources_1
exit
INFO: [Common 17-206] Exiting Vivado at Mon Nov 14 15:26:20 2022...
